<?xml version="1.0" encoding="UTF-8"?>
<!-- Generated by org.testng.reporters.JUnitXMLReporter -->
<testsuite ignored="1" hostname="Qualitys-MacBook-Pro.local" failures="0" tests="5" name="Surefire test" time="31.397" errors="0" timestamp="2025-02-13T16:41:27 EET">
  <testcase classname="demoqa.web.test.widgets.SelectMenuPageTests" name="SelectAllValuesFromOldStyleSelectMenu" time="4.328"/>
  <testcase classname="demoqa.web.test.widgets.SelectMenuPageTests" name="SelectAllValuesFromSelectOne" time="2.547"/>
  <testcase classname="demoqa.web.test.widgets.SelectMenuPageTests" name="SelectAllValuesFromSelectValue" time="2.027"/>
  <testcase classname="demoqa.web.test.widgets.SelectMenuPageTests" name="SelectAllValuesFromStandardMultiSelect" time="1.621"/>
  <testcase classname="demoqa.web.test.widgets.SelectMenuPageTests" name="VerifyAllTextOnPage" time="1.592"/>
  <testcase classname="demoqa.web.test.widgets.SelectMenuPageTests" name="SelectMultiSelectDropDown" time="0.0">
    <ignored/>
  </testcase> <!-- SelectMultiSelectDropDown -->
</testsuite> <!-- Surefire test -->
