<?xml version="1.0" encoding="UTF-8"?>
<!-- Generated by org.testng.reporters.JUnitXMLReporter -->
<testsuite ignored="4" hostname="debian" failures="0" tests="1" name="Surefire test" time="4.267" errors="0" timestamp="2025-02-13T22:43:32 EET">
  <testcase classname="demoqa.web.tests.interactions.ResizablePageTests" name="ТestResizedBoxWithLimitation" time="0.976"/>
  <testcase classname="demoqa.web.tests.interactions.ResizablePageTests" name="DiagonalResizing" time="0.0">
    <ignored/>
  </testcase> <!-- DiagonalResizing -->
  <testcase classname="demoqa.web.tests.interactions.ResizablePageTests" name="ТestResizedBoxWithoutLimitation" time="0.0">
    <ignored/>
  </testcase> <!-- ТestResizedBoxWithoutLimitation -->
  <testcase classname="demoqa.web.tests.interactions.ResizablePageTests" name="VerifyAllTextOnPage" time="0.0">
    <ignored/>
  </testcase> <!-- VerifyAllTextOnPage -->
  <testcase classname="demoqa.web.tests.interactions.ResizablePageTests" name="ResizeHandleVisibility" time="0.0">
    <ignored/>
  </testcase> <!-- ResizeHandleVisibility -->
</testsuite> <!-- Surefire test -->
