<?xml version="1.0" encoding="UTF-8"?>
<testng-results ignored="0" total="17" passed="9" failed="8" skipped="0">
  <reporter-output>
  </reporter-output>
  <suite started-at="2025-02-15T00:32:16 EET" name="Surefire suite" finished-at="2025-02-15T00:33:23 EET" duration-ms="66459">
    <groups>
    </groups>
    <test started-at="2025-02-15T00:32:16 EET" name="Surefire test" finished-at="2025-02-15T00:33:23 EET" duration-ms="66459">
      <class name="demoqa.web.tests.elements.WebTablePageTests">
        <test-method is-config="true" signature="setUp()[pri:0, instance:demoqa.web.tests.elements.WebTablePageTests@3d121db3]" started-at="2025-02-15T00:32:16 EET" name="setUp" finished-at="2025-02-15T00:32:18 EET" duration-ms="2370" status="PASS">
          <reporter-output>
          </reporter-output>
        </test-method> <!-- setUp -->
        <test-method signature="AddNewUser()[pri:0, instance:demoqa.web.tests.elements.WebTablePageTests@3d121db3]" started-at="2025-02-15T00:32:18 EET" name="AddNewUser" finished-at="2025-02-15T00:32:19 EET" duration-ms="554" status="FAIL">
          <exception class="java.lang.NullPointerException">
            <message>
              <![CDATA[Cannot invoke "demoqa.pages.elements.WebTablesPage.clickAddButton()" because "this.webTablesPage" is null]]>
            </message>
            <full-stacktrace>
              <![CDATA[java.lang.NullPointerException: Cannot invoke "demoqa.pages.elements.WebTablesPage.clickAddButton()" because "this.webTablesPage" is null
at demoqa.web.tests.elements.WebTablePageTests.AddNewUser(WebTablePageTests.java:257)
at java.base/jdk.internal.reflect.DirectMethodHandleAccessor.invoke(DirectMethodHandleAccessor.java:103)
at java.base/java.lang.reflect.Method.invoke(Method.java:580)
at org.testng.internal.invokers.MethodInvocationHelper.invokeMethod(MethodInvocationHelper.java:141)
at org.testng.internal.invokers.TestInvoker.invokeMethod(TestInvoker.java:686)
at org.testng.internal.invokers.TestInvoker.invokeTestMethod(TestInvoker.java:230)
at org.testng.internal.invokers.MethodRunner.runInSequence(MethodRunner.java:63)
at org.testng.internal.invokers.TestInvoker$MethodInvocationAgent.invoke(TestInvoker.java:992)
at org.testng.internal.invokers.TestInvoker.invokeTestMethods(TestInvoker.java:203)
at org.testng.internal.invokers.TestMethodWorker.invokeTestMethods(TestMethodWorker.java:154)
at org.testng.internal.invokers.TestMethodWorker.run(TestMethodWorker.java:134)
at java.base/java.util.ArrayList.forEach(ArrayList.java:1597)
at org.testng.TestRunner.privateRun(TestRunner.java:739)
at org.testng.TestRunner.run(TestRunner.java:614)
at org.testng.SuiteRunner.runTest(SuiteRunner.java:421)
at org.testng.SuiteRunner.runSequentially(SuiteRunner.java:413)
at org.testng.SuiteRunner.privateRun(SuiteRunner.java:373)
at org.testng.SuiteRunner.run(SuiteRunner.java:312)
at org.testng.SuiteRunnerWorker.runSuite(SuiteRunnerWorker.java:52)
at org.testng.SuiteRunnerWorker.run(SuiteRunnerWorker.java:95)
at org.testng.TestNG.runSuitesSequentially(TestNG.java:1274)
at org.testng.TestNG.runSuitesLocally(TestNG.java:1208)
at org.testng.TestNG.runSuites(TestNG.java:1112)
at org.testng.TestNG.run(TestNG.java:1079)
at org.apache.maven.surefire.testng.TestNGExecutor.run(TestNGExecutor.java:155)
at org.apache.maven.surefire.testng.TestNGDirectoryTestSuite.executeSingleClass(TestNGDirectoryTestSuite.java:102)
at org.apache.maven.surefire.testng.TestNGDirectoryTestSuite.execute(TestNGDirectoryTestSuite.java:91)
at org.apache.maven.surefire.testng.TestNGProvider.invoke(TestNGProvider.java:137)
at org.apache.maven.surefire.booter.ForkedBooter.runSuitesInProcess(ForkedBooter.java:385)
at org.apache.maven.surefire.booter.ForkedBooter.execute(ForkedBooter.java:162)
at org.apache.maven.surefire.booter.ForkedBooter.run(ForkedBooter.java:507)
at org.apache.maven.surefire.booter.ForkedBooter.main(ForkedBooter.java:495)
]]>
            </full-stacktrace>
          </exception> <!-- java.lang.NullPointerException -->
          <reporter-output>
          </reporter-output>
        </test-method> <!-- AddNewUser -->
        <test-method is-config="true" signature="tearDown(org.testng.ITestResult)[pri:0, instance:demoqa.web.tests.elements.WebTablePageTests@3d121db3]" started-at="2025-02-15T00:32:19 EET" name="tearDown" finished-at="2025-02-15T00:32:19 EET" duration-ms="172" status="PASS">
          <params>
            <param index="0">
              <value>
                <![CDATA[[TestResult name=AddNewUser status=FAILURE method=WebTablePageTests.AddNewUser()[pri:0, instance:demoqa.web.tests.elements.WebTablePageTests@3d121db3] output={null}]]]>
              </value>
            </param>
          </params>
          <reporter-output>
          </reporter-output>
        </test-method> <!-- tearDown -->
        <test-method is-config="true" signature="tearDownClass()[pri:0, instance:demoqa.web.tests.elements.WebTablePageTests@3d121db3]" started-at="2025-02-15T00:32:19 EET" name="tearDownClass" finished-at="2025-02-15T00:32:20 EET" duration-ms="1086" status="PASS">
          <reporter-output>
          </reporter-output>
        </test-method> <!-- tearDownClass -->
        <test-method is-config="true" signature="setUp()[pri:0, instance:demoqa.web.tests.elements.WebTablePageTests@3d121db3]" started-at="2025-02-15T00:32:20 EET" name="setUp" finished-at="2025-02-15T00:32:22 EET" duration-ms="1703" status="PASS">
          <reporter-output>
          </reporter-output>
        </test-method> <!-- setUp -->
        <test-method signature="DeleteDefaultThreeRows()[pri:0, instance:demoqa.web.tests.elements.WebTablePageTests@3d121db3]" started-at="2025-02-15T00:32:22 EET" name="DeleteDefaultThreeRows" finished-at="2025-02-15T00:32:23 EET" duration-ms="1137" status="PASS">
          <reporter-output>
          </reporter-output>
        </test-method> <!-- DeleteDefaultThreeRows -->
        <test-method is-config="true" signature="tearDown(org.testng.ITestResult)[pri:0, instance:demoqa.web.tests.elements.WebTablePageTests@3d121db3]" started-at="2025-02-15T00:32:23 EET" name="tearDown" finished-at="2025-02-15T00:32:23 EET" duration-ms="1" status="PASS">
          <params>
            <param index="0">
              <value>
                <![CDATA[[TestResult name=DeleteDefaultThreeRows status=SUCCESS method=WebTablePageTests.DeleteDefaultThreeRows()[pri:0, instance:demoqa.web.tests.elements.WebTablePageTests@3d121db3] output={null}]]]>
              </value>
            </param>
          </params>
          <reporter-output>
          </reporter-output>
        </test-method> <!-- tearDown -->
        <test-method is-config="true" signature="tearDownClass()[pri:0, instance:demoqa.web.tests.elements.WebTablePageTests@3d121db3]" started-at="2025-02-15T00:32:23 EET" name="tearDownClass" finished-at="2025-02-15T00:32:24 EET" duration-ms="1089" status="PASS">
          <reporter-output>
          </reporter-output>
        </test-method> <!-- tearDownClass -->
        <test-method is-config="true" signature="setUp()[pri:0, instance:demoqa.web.tests.elements.WebTablePageTests@3d121db3]" started-at="2025-02-15T00:32:24 EET" name="setUp" finished-at="2025-02-15T00:32:26 EET" duration-ms="1657" status="PASS">
          <reporter-output>
          </reporter-output>
        </test-method> <!-- setUp -->
        <test-method signature="SearchWithExistingCategoryAndCheckResults()[pri:0, instance:demoqa.web.tests.elements.WebTablePageTests@3d121db3]" started-at="2025-02-15T00:32:26 EET" name="SearchWithExistingCategoryAndCheckResults" finished-at="2025-02-15T00:32:26 EET" duration-ms="551" status="FAIL">
          <exception class="java.lang.NullPointerException">
            <message>
              <![CDATA[Cannot invoke "demoqa.pages.elements.WebTablesPage.searchWithWord(String)" because "this.webTablesPage" is null]]>
            </message>
            <full-stacktrace>
              <![CDATA[java.lang.NullPointerException: Cannot invoke "demoqa.pages.elements.WebTablesPage.searchWithWord(String)" because "this.webTablesPage" is null
at demoqa.web.tests.elements.WebTablePageTests.SearchWithExistingCategoryAndCheckResults(WebTablePageTests.java:363)
at java.base/jdk.internal.reflect.DirectMethodHandleAccessor.invoke(DirectMethodHandleAccessor.java:103)
at java.base/java.lang.reflect.Method.invoke(Method.java:580)
at org.testng.internal.invokers.MethodInvocationHelper.invokeMethod(MethodInvocationHelper.java:141)
at org.testng.internal.invokers.TestInvoker.invokeMethod(TestInvoker.java:686)
at org.testng.internal.invokers.TestInvoker.invokeTestMethod(TestInvoker.java:230)
at org.testng.internal.invokers.MethodRunner.runInSequence(MethodRunner.java:63)
at org.testng.internal.invokers.TestInvoker$MethodInvocationAgent.invoke(TestInvoker.java:992)
at org.testng.internal.invokers.TestInvoker.invokeTestMethods(TestInvoker.java:203)
at org.testng.internal.invokers.TestMethodWorker.invokeTestMethods(TestMethodWorker.java:154)
at org.testng.internal.invokers.TestMethodWorker.run(TestMethodWorker.java:134)
at java.base/java.util.ArrayList.forEach(ArrayList.java:1597)
at org.testng.TestRunner.privateRun(TestRunner.java:739)
at org.testng.TestRunner.run(TestRunner.java:614)
at org.testng.SuiteRunner.runTest(SuiteRunner.java:421)
at org.testng.SuiteRunner.runSequentially(SuiteRunner.java:413)
at org.testng.SuiteRunner.privateRun(SuiteRunner.java:373)
at org.testng.SuiteRunner.run(SuiteRunner.java:312)
at org.testng.SuiteRunnerWorker.runSuite(SuiteRunnerWorker.java:52)
at org.testng.SuiteRunnerWorker.run(SuiteRunnerWorker.java:95)
at org.testng.TestNG.runSuitesSequentially(TestNG.java:1274)
at org.testng.TestNG.runSuitesLocally(TestNG.java:1208)
at org.testng.TestNG.runSuites(TestNG.java:1112)
at org.testng.TestNG.run(TestNG.java:1079)
at org.apache.maven.surefire.testng.TestNGExecutor.run(TestNGExecutor.java:155)
at org.apache.maven.surefire.testng.TestNGDirectoryTestSuite.executeSingleClass(TestNGDirectoryTestSuite.java:102)
at org.apache.maven.surefire.testng.TestNGDirectoryTestSuite.execute(TestNGDirectoryTestSuite.java:91)
at org.apache.maven.surefire.testng.TestNGProvider.invoke(TestNGProvider.java:137)
at org.apache.maven.surefire.booter.ForkedBooter.runSuitesInProcess(ForkedBooter.java:385)
at org.apache.maven.surefire.booter.ForkedBooter.execute(ForkedBooter.java:162)
at org.apache.maven.surefire.booter.ForkedBooter.run(ForkedBooter.java:507)
at org.apache.maven.surefire.booter.ForkedBooter.main(ForkedBooter.java:495)
]]>
            </full-stacktrace>
          </exception> <!-- java.lang.NullPointerException -->
          <reporter-output>
          </reporter-output>
        </test-method> <!-- SearchWithExistingCategoryAndCheckResults -->
        <test-method is-config="true" signature="tearDown(org.testng.ITestResult)[pri:0, instance:demoqa.web.tests.elements.WebTablePageTests@3d121db3]" started-at="2025-02-15T00:32:26 EET" name="tearDown" finished-at="2025-02-15T00:32:27 EET" duration-ms="130" status="PASS">
          <params>
            <param index="0">
              <value>
                <![CDATA[[TestResult name=SearchWithExistingCategoryAndCheckResults status=FAILURE method=WebTablePageTests.SearchWithExistingCategoryAndCheckResults()[pri:0, instance:demoqa.web.tests.elements.WebTablePageTests@3d121db3] output={null}]]]>
              </value>
            </param>
          </params>
          <reporter-output>
          </reporter-output>
        </test-method> <!-- tearDown -->
        <test-method is-config="true" signature="tearDownClass()[pri:0, instance:demoqa.web.tests.elements.WebTablePageTests@3d121db3]" started-at="2025-02-15T00:32:27 EET" name="tearDownClass" finished-at="2025-02-15T00:32:28 EET" duration-ms="1079" status="PASS">
          <reporter-output>
          </reporter-output>
        </test-method> <!-- tearDownClass -->
        <test-method is-config="true" signature="setUp()[pri:0, instance:demoqa.web.tests.elements.WebTablePageTests@3d121db3]" started-at="2025-02-15T00:32:28 EET" name="setUp" finished-at="2025-02-15T00:32:29 EET" duration-ms="1716" status="PASS">
          <reporter-output>
          </reporter-output>
        </test-method> <!-- setUp -->
        <test-method signature="SearchWithNoExistingCategoryAndCheckResults()[pri:0, instance:demoqa.web.tests.elements.WebTablePageTests@3d121db3]" started-at="2025-02-15T00:32:29 EET" name="SearchWithNoExistingCategoryAndCheckResults" finished-at="2025-02-15T00:32:30 EET" duration-ms="569" status="FAIL">
          <exception class="java.lang.NullPointerException">
            <message>
              <![CDATA[Cannot invoke "demoqa.pages.elements.WebTablesPage.searchWithWord(String)" because "this.webTablesPage" is null]]>
            </message>
            <full-stacktrace>
              <![CDATA[java.lang.NullPointerException: Cannot invoke "demoqa.pages.elements.WebTablesPage.searchWithWord(String)" because "this.webTablesPage" is null
at demoqa.web.tests.elements.WebTablePageTests.SearchWithNoExistingCategoryAndCheckResults(WebTablePageTests.java:346)
at java.base/jdk.internal.reflect.DirectMethodHandleAccessor.invoke(DirectMethodHandleAccessor.java:103)
at java.base/java.lang.reflect.Method.invoke(Method.java:580)
at org.testng.internal.invokers.MethodInvocationHelper.invokeMethod(MethodInvocationHelper.java:141)
at org.testng.internal.invokers.TestInvoker.invokeMethod(TestInvoker.java:686)
at org.testng.internal.invokers.TestInvoker.invokeTestMethod(TestInvoker.java:230)
at org.testng.internal.invokers.MethodRunner.runInSequence(MethodRunner.java:63)
at org.testng.internal.invokers.TestInvoker$MethodInvocationAgent.invoke(TestInvoker.java:992)
at org.testng.internal.invokers.TestInvoker.invokeTestMethods(TestInvoker.java:203)
at org.testng.internal.invokers.TestMethodWorker.invokeTestMethods(TestMethodWorker.java:154)
at org.testng.internal.invokers.TestMethodWorker.run(TestMethodWorker.java:134)
at java.base/java.util.ArrayList.forEach(ArrayList.java:1597)
at org.testng.TestRunner.privateRun(TestRunner.java:739)
at org.testng.TestRunner.run(TestRunner.java:614)
at org.testng.SuiteRunner.runTest(SuiteRunner.java:421)
at org.testng.SuiteRunner.runSequentially(SuiteRunner.java:413)
at org.testng.SuiteRunner.privateRun(SuiteRunner.java:373)
at org.testng.SuiteRunner.run(SuiteRunner.java:312)
at org.testng.SuiteRunnerWorker.runSuite(SuiteRunnerWorker.java:52)
at org.testng.SuiteRunnerWorker.run(SuiteRunnerWorker.java:95)
at org.testng.TestNG.runSuitesSequentially(TestNG.java:1274)
at org.testng.TestNG.runSuitesLocally(TestNG.java:1208)
at org.testng.TestNG.runSuites(TestNG.java:1112)
at org.testng.TestNG.run(TestNG.java:1079)
at org.apache.maven.surefire.testng.TestNGExecutor.run(TestNGExecutor.java:155)
at org.apache.maven.surefire.testng.TestNGDirectoryTestSuite.executeSingleClass(TestNGDirectoryTestSuite.java:102)
at org.apache.maven.surefire.testng.TestNGDirectoryTestSuite.execute(TestNGDirectoryTestSuite.java:91)
at org.apache.maven.surefire.testng.TestNGProvider.invoke(TestNGProvider.java:137)
at org.apache.maven.surefire.booter.ForkedBooter.runSuitesInProcess(ForkedBooter.java:385)
at org.apache.maven.surefire.booter.ForkedBooter.execute(ForkedBooter.java:162)
at org.apache.maven.surefire.booter.ForkedBooter.run(ForkedBooter.java:507)
at org.apache.maven.surefire.booter.ForkedBooter.main(ForkedBooter.java:495)
]]>
            </full-stacktrace>
          </exception> <!-- java.lang.NullPointerException -->
          <reporter-output>
          </reporter-output>
        </test-method> <!-- SearchWithNoExistingCategoryAndCheckResults -->
        <test-method is-config="true" signature="tearDown(org.testng.ITestResult)[pri:0, instance:demoqa.web.tests.elements.WebTablePageTests@3d121db3]" started-at="2025-02-15T00:32:30 EET" name="tearDown" finished-at="2025-02-15T00:32:30 EET" duration-ms="113" status="PASS">
          <params>
            <param index="0">
              <value>
                <![CDATA[[TestResult name=SearchWithNoExistingCategoryAndCheckResults status=FAILURE method=WebTablePageTests.SearchWithNoExistingCategoryAndCheckResults()[pri:0, instance:demoqa.web.tests.elements.WebTablePageTests@3d121db3] output={null}]]]>
              </value>
            </param>
          </params>
          <reporter-output>
          </reporter-output>
        </test-method> <!-- tearDown -->
        <test-method is-config="true" signature="tearDownClass()[pri:0, instance:demoqa.web.tests.elements.WebTablePageTests@3d121db3]" started-at="2025-02-15T00:32:30 EET" name="tearDownClass" finished-at="2025-02-15T00:32:31 EET" duration-ms="1089" status="PASS">
          <reporter-output>
          </reporter-output>
        </test-method> <!-- tearDownClass -->
        <test-method is-config="true" signature="setUp()[pri:0, instance:demoqa.web.tests.elements.WebTablePageTests@3d121db3]" started-at="2025-02-15T00:32:31 EET" name="setUp" finished-at="2025-02-15T00:32:33 EET" duration-ms="1849" status="PASS">
          <reporter-output>
          </reporter-output>
        </test-method> <!-- setUp -->
        <test-method signature="SelectAllRowsPerPage()[pri:0, instance:demoqa.web.tests.elements.WebTablePageTests@3d121db3]" started-at="2025-02-15T00:32:33 EET" name="SelectAllRowsPerPage" finished-at="2025-02-15T00:32:34 EET" duration-ms="589" status="FAIL">
          <exception class="java.lang.NullPointerException">
            <message>
              <![CDATA[Cannot invoke "demoqa.pages.elements.WebTablesPage.clickRowPerPage(String)" because "this.webTablesPage" is null]]>
            </message>
            <full-stacktrace>
              <![CDATA[java.lang.NullPointerException: Cannot invoke "demoqa.pages.elements.WebTablesPage.clickRowPerPage(String)" because "this.webTablesPage" is null
at demoqa.web.tests.elements.WebTablePageTests.SelectAllRowsPerPage(WebTablePageTests.java:405)
at java.base/jdk.internal.reflect.DirectMethodHandleAccessor.invoke(DirectMethodHandleAccessor.java:103)
at java.base/java.lang.reflect.Method.invoke(Method.java:580)
at org.testng.internal.invokers.MethodInvocationHelper.invokeMethod(MethodInvocationHelper.java:141)
at org.testng.internal.invokers.TestInvoker.invokeMethod(TestInvoker.java:686)
at org.testng.internal.invokers.TestInvoker.invokeTestMethod(TestInvoker.java:230)
at org.testng.internal.invokers.MethodRunner.runInSequence(MethodRunner.java:63)
at org.testng.internal.invokers.TestInvoker$MethodInvocationAgent.invoke(TestInvoker.java:992)
at org.testng.internal.invokers.TestInvoker.invokeTestMethods(TestInvoker.java:203)
at org.testng.internal.invokers.TestMethodWorker.invokeTestMethods(TestMethodWorker.java:154)
at org.testng.internal.invokers.TestMethodWorker.run(TestMethodWorker.java:134)
at java.base/java.util.ArrayList.forEach(ArrayList.java:1597)
at org.testng.TestRunner.privateRun(TestRunner.java:739)
at org.testng.TestRunner.run(TestRunner.java:614)
at org.testng.SuiteRunner.runTest(SuiteRunner.java:421)
at org.testng.SuiteRunner.runSequentially(SuiteRunner.java:413)
at org.testng.SuiteRunner.privateRun(SuiteRunner.java:373)
at org.testng.SuiteRunner.run(SuiteRunner.java:312)
at org.testng.SuiteRunnerWorker.runSuite(SuiteRunnerWorker.java:52)
at org.testng.SuiteRunnerWorker.run(SuiteRunnerWorker.java:95)
at org.testng.TestNG.runSuitesSequentially(TestNG.java:1274)
at org.testng.TestNG.runSuitesLocally(TestNG.java:1208)
at org.testng.TestNG.runSuites(TestNG.java:1112)
at org.testng.TestNG.run(TestNG.java:1079)
at org.apache.maven.surefire.testng.TestNGExecutor.run(TestNGExecutor.java:155)
at org.apache.maven.surefire.testng.TestNGDirectoryTestSuite.executeSingleClass(TestNGDirectoryTestSuite.java:102)
at org.apache.maven.surefire.testng.TestNGDirectoryTestSuite.execute(TestNGDirectoryTestSuite.java:91)
at org.apache.maven.surefire.testng.TestNGProvider.invoke(TestNGProvider.java:137)
at org.apache.maven.surefire.booter.ForkedBooter.runSuitesInProcess(ForkedBooter.java:385)
at org.apache.maven.surefire.booter.ForkedBooter.execute(ForkedBooter.java:162)
at org.apache.maven.surefire.booter.ForkedBooter.run(ForkedBooter.java:507)
at org.apache.maven.surefire.booter.ForkedBooter.main(ForkedBooter.java:495)
]]>
            </full-stacktrace>
          </exception> <!-- java.lang.NullPointerException -->
          <reporter-output>
          </reporter-output>
        </test-method> <!-- SelectAllRowsPerPage -->
        <test-method is-config="true" signature="tearDown(org.testng.ITestResult)[pri:0, instance:demoqa.web.tests.elements.WebTablePageTests@3d121db3]" started-at="2025-02-15T00:32:34 EET" name="tearDown" finished-at="2025-02-15T00:32:34 EET" duration-ms="122" status="PASS">
          <params>
            <param index="0">
              <value>
                <![CDATA[[TestResult name=SelectAllRowsPerPage status=FAILURE method=WebTablePageTests.SelectAllRowsPerPage()[pri:0, instance:demoqa.web.tests.elements.WebTablePageTests@3d121db3] output={null}]]]>
              </value>
            </param>
          </params>
          <reporter-output>
          </reporter-output>
        </test-method> <!-- tearDown -->
        <test-method is-config="true" signature="tearDownClass()[pri:0, instance:demoqa.web.tests.elements.WebTablePageTests@3d121db3]" started-at="2025-02-15T00:32:34 EET" name="tearDownClass" finished-at="2025-02-15T00:32:35 EET" duration-ms="1079" status="PASS">
          <reporter-output>
          </reporter-output>
        </test-method> <!-- tearDownClass -->
        <test-method is-config="true" signature="setUp()[pri:0, instance:demoqa.web.tests.elements.WebTablePageTests@3d121db3]" started-at="2025-02-15T00:32:35 EET" name="setUp" finished-at="2025-02-15T00:32:36 EET" duration-ms="1700" status="PASS">
          <reporter-output>
          </reporter-output>
        </test-method> <!-- setUp -->
        <test-method signature="SubmitEmptyFormAndVerifyAllRedLines()[pri:0, instance:demoqa.web.tests.elements.WebTablePageTests@3d121db3]" started-at="2025-02-15T00:32:36 EET" name="SubmitEmptyFormAndVerifyAllRedLines" finished-at="2025-02-15T00:32:37 EET" duration-ms="543" status="FAIL">
          <exception class="java.lang.NullPointerException">
            <message>
              <![CDATA[Cannot invoke "demoqa.pages.elements.WebTablesPage.clickAddButton()" because "this.webTablesPage" is null]]>
            </message>
            <full-stacktrace>
              <![CDATA[java.lang.NullPointerException: Cannot invoke "demoqa.pages.elements.WebTablesPage.clickAddButton()" because "this.webTablesPage" is null
at demoqa.web.tests.elements.WebTablePageTests.SubmitEmptyFormAndVerifyAllRedLines(WebTablePageTests.java:387)
at java.base/jdk.internal.reflect.DirectMethodHandleAccessor.invoke(DirectMethodHandleAccessor.java:103)
at java.base/java.lang.reflect.Method.invoke(Method.java:580)
at org.testng.internal.invokers.MethodInvocationHelper.invokeMethod(MethodInvocationHelper.java:141)
at org.testng.internal.invokers.TestInvoker.invokeMethod(TestInvoker.java:686)
at org.testng.internal.invokers.TestInvoker.invokeTestMethod(TestInvoker.java:230)
at org.testng.internal.invokers.MethodRunner.runInSequence(MethodRunner.java:63)
at org.testng.internal.invokers.TestInvoker$MethodInvocationAgent.invoke(TestInvoker.java:992)
at org.testng.internal.invokers.TestInvoker.invokeTestMethods(TestInvoker.java:203)
at org.testng.internal.invokers.TestMethodWorker.invokeTestMethods(TestMethodWorker.java:154)
at org.testng.internal.invokers.TestMethodWorker.run(TestMethodWorker.java:134)
at java.base/java.util.ArrayList.forEach(ArrayList.java:1597)
at org.testng.TestRunner.privateRun(TestRunner.java:739)
at org.testng.TestRunner.run(TestRunner.java:614)
at org.testng.SuiteRunner.runTest(SuiteRunner.java:421)
at org.testng.SuiteRunner.runSequentially(SuiteRunner.java:413)
at org.testng.SuiteRunner.privateRun(SuiteRunner.java:373)
at org.testng.SuiteRunner.run(SuiteRunner.java:312)
at org.testng.SuiteRunnerWorker.runSuite(SuiteRunnerWorker.java:52)
at org.testng.SuiteRunnerWorker.run(SuiteRunnerWorker.java:95)
at org.testng.TestNG.runSuitesSequentially(TestNG.java:1274)
at org.testng.TestNG.runSuitesLocally(TestNG.java:1208)
at org.testng.TestNG.runSuites(TestNG.java:1112)
at org.testng.TestNG.run(TestNG.java:1079)
at org.apache.maven.surefire.testng.TestNGExecutor.run(TestNGExecutor.java:155)
at org.apache.maven.surefire.testng.TestNGDirectoryTestSuite.executeSingleClass(TestNGDirectoryTestSuite.java:102)
at org.apache.maven.surefire.testng.TestNGDirectoryTestSuite.execute(TestNGDirectoryTestSuite.java:91)
at org.apache.maven.surefire.testng.TestNGProvider.invoke(TestNGProvider.java:137)
at org.apache.maven.surefire.booter.ForkedBooter.runSuitesInProcess(ForkedBooter.java:385)
at org.apache.maven.surefire.booter.ForkedBooter.execute(ForkedBooter.java:162)
at org.apache.maven.surefire.booter.ForkedBooter.run(ForkedBooter.java:507)
at org.apache.maven.surefire.booter.ForkedBooter.main(ForkedBooter.java:495)
]]>
            </full-stacktrace>
          </exception> <!-- java.lang.NullPointerException -->
          <reporter-output>
          </reporter-output>
        </test-method> <!-- SubmitEmptyFormAndVerifyAllRedLines -->
        <test-method is-config="true" signature="tearDown(org.testng.ITestResult)[pri:0, instance:demoqa.web.tests.elements.WebTablePageTests@3d121db3]" started-at="2025-02-15T00:32:37 EET" name="tearDown" finished-at="2025-02-15T00:32:37 EET" duration-ms="110" status="PASS">
          <params>
            <param index="0">
              <value>
                <![CDATA[[TestResult name=SubmitEmptyFormAndVerifyAllRedLines status=FAILURE method=WebTablePageTests.SubmitEmptyFormAndVerifyAllRedLines()[pri:0, instance:demoqa.web.tests.elements.WebTablePageTests@3d121db3] output={null}]]]>
              </value>
            </param>
          </params>
          <reporter-output>
          </reporter-output>
        </test-method> <!-- tearDown -->
        <test-method is-config="true" signature="tearDownClass()[pri:0, instance:demoqa.web.tests.elements.WebTablePageTests@3d121db3]" started-at="2025-02-15T00:32:37 EET" name="tearDownClass" finished-at="2025-02-15T00:32:38 EET" duration-ms="1156" status="PASS">
          <reporter-output>
          </reporter-output>
        </test-method> <!-- tearDownClass -->
        <test-method is-config="true" signature="setUp()[pri:0, instance:demoqa.web.tests.elements.WebTablePageTests@3d121db3]" started-at="2025-02-15T00:32:38 EET" name="setUp" finished-at="2025-02-15T00:32:40 EET" duration-ms="2089" status="PASS">
          <reporter-output>
          </reporter-output>
        </test-method> <!-- setUp -->
        <test-method signature="UpdateAgeOnFirstUser()[pri:0, instance:demoqa.web.tests.elements.WebTablePageTests@3d121db3]" started-at="2025-02-15T00:32:40 EET" name="UpdateAgeOnFirstUser" finished-at="2025-02-15T00:32:41 EET" duration-ms="1050" status="PASS">
          <reporter-output>
          </reporter-output>
        </test-method> <!-- UpdateAgeOnFirstUser -->
        <test-method is-config="true" signature="tearDown(org.testng.ITestResult)[pri:0, instance:demoqa.web.tests.elements.WebTablePageTests@3d121db3]" started-at="2025-02-15T00:32:41 EET" name="tearDown" finished-at="2025-02-15T00:32:41 EET" duration-ms="0" status="PASS">
          <params>
            <param index="0">
              <value>
                <![CDATA[[TestResult name=UpdateAgeOnFirstUser status=SUCCESS method=WebTablePageTests.UpdateAgeOnFirstUser()[pri:0, instance:demoqa.web.tests.elements.WebTablePageTests@3d121db3] output={null}]]]>
              </value>
            </param>
          </params>
          <reporter-output>
          </reporter-output>
        </test-method> <!-- tearDown -->
        <test-method is-config="true" signature="tearDownClass()[pri:0, instance:demoqa.web.tests.elements.WebTablePageTests@3d121db3]" started-at="2025-02-15T00:32:41 EET" name="tearDownClass" finished-at="2025-02-15T00:32:43 EET" duration-ms="1072" status="PASS">
          <reporter-output>
          </reporter-output>
        </test-method> <!-- tearDownClass -->
        <test-method is-config="true" signature="setUp()[pri:0, instance:demoqa.web.tests.elements.WebTablePageTests@3d121db3]" started-at="2025-02-15T00:32:43 EET" name="setUp" finished-at="2025-02-15T00:32:44 EET" duration-ms="1673" status="PASS">
          <reporter-output>
          </reporter-output>
        </test-method> <!-- setUp -->
        <test-method signature="UpdateDepartmentOnFirstUser()[pri:0, instance:demoqa.web.tests.elements.WebTablePageTests@3d121db3]" started-at="2025-02-15T00:32:44 EET" name="UpdateDepartmentOnFirstUser" finished-at="2025-02-15T00:32:45 EET" duration-ms="1052" status="PASS">
          <reporter-output>
          </reporter-output>
        </test-method> <!-- UpdateDepartmentOnFirstUser -->
        <test-method is-config="true" signature="tearDown(org.testng.ITestResult)[pri:0, instance:demoqa.web.tests.elements.WebTablePageTests@3d121db3]" started-at="2025-02-15T00:32:45 EET" name="tearDown" finished-at="2025-02-15T00:32:45 EET" duration-ms="1" status="PASS">
          <params>
            <param index="0">
              <value>
                <![CDATA[[TestResult name=UpdateDepartmentOnFirstUser status=SUCCESS method=WebTablePageTests.UpdateDepartmentOnFirstUser()[pri:0, instance:demoqa.web.tests.elements.WebTablePageTests@3d121db3] output={null}]]]>
              </value>
            </param>
          </params>
          <reporter-output>
          </reporter-output>
        </test-method> <!-- tearDown -->
        <test-method is-config="true" signature="tearDownClass()[pri:0, instance:demoqa.web.tests.elements.WebTablePageTests@3d121db3]" started-at="2025-02-15T00:32:45 EET" name="tearDownClass" finished-at="2025-02-15T00:32:46 EET" duration-ms="1082" status="PASS">
          <reporter-output>
          </reporter-output>
        </test-method> <!-- tearDownClass -->
        <test-method is-config="true" signature="setUp()[pri:0, instance:demoqa.web.tests.elements.WebTablePageTests@3d121db3]" started-at="2025-02-15T00:32:46 EET" name="setUp" finished-at="2025-02-15T00:32:48 EET" duration-ms="1588" status="PASS">
          <reporter-output>
          </reporter-output>
        </test-method> <!-- setUp -->
        <test-method signature="UpdateEmailOnFirstUser()[pri:0, instance:demoqa.web.tests.elements.WebTablePageTests@3d121db3]" started-at="2025-02-15T00:32:48 EET" name="UpdateEmailOnFirstUser" finished-at="2025-02-15T00:32:49 EET" duration-ms="1279" status="PASS">
          <reporter-output>
          </reporter-output>
        </test-method> <!-- UpdateEmailOnFirstUser -->
        <test-method is-config="true" signature="tearDownClass()[pri:0, instance:demoqa.web.tests.elements.WebTablePageTests@3d121db3]" started-at="2025-02-15T00:32:49 EET" name="tearDownClass" finished-at="2025-02-15T00:32:50 EET" duration-ms="1077" status="PASS">
          <reporter-output>
          </reporter-output>
        </test-method> <!-- tearDownClass -->
        <test-method is-config="true" signature="tearDown(org.testng.ITestResult)[pri:0, instance:demoqa.web.tests.elements.WebTablePageTests@3d121db3]" started-at="2025-02-15T00:32:49 EET" name="tearDown" finished-at="2025-02-15T00:32:49 EET" duration-ms="0" status="PASS">
          <params>
            <param index="0">
              <value>
                <![CDATA[[TestResult name=UpdateEmailOnFirstUser status=SUCCESS method=WebTablePageTests.UpdateEmailOnFirstUser()[pri:0, instance:demoqa.web.tests.elements.WebTablePageTests@3d121db3] output={null}]]]>
              </value>
            </param>
          </params>
          <reporter-output>
          </reporter-output>
        </test-method> <!-- tearDown -->
        <test-method is-config="true" signature="setUp()[pri:0, instance:demoqa.web.tests.elements.WebTablePageTests@3d121db3]" started-at="2025-02-15T00:32:50 EET" name="setUp" finished-at="2025-02-15T00:32:52 EET" duration-ms="1699" status="PASS">
          <reporter-output>
          </reporter-output>
        </test-method> <!-- setUp -->
        <test-method signature="UpdateFirstNameOnFirstUser()[pri:0, instance:demoqa.web.tests.elements.WebTablePageTests@3d121db3]" started-at="2025-02-15T00:32:52 EET" name="UpdateFirstNameOnFirstUser" finished-at="2025-02-15T00:32:53 EET" duration-ms="1011" status="PASS">
          <reporter-output>
          </reporter-output>
        </test-method> <!-- UpdateFirstNameOnFirstUser -->
        <test-method is-config="true" signature="tearDown(org.testng.ITestResult)[pri:0, instance:demoqa.web.tests.elements.WebTablePageTests@3d121db3]" started-at="2025-02-15T00:32:53 EET" name="tearDown" finished-at="2025-02-15T00:32:53 EET" duration-ms="1" status="PASS">
          <params>
            <param index="0">
              <value>
                <![CDATA[[TestResult name=UpdateFirstNameOnFirstUser status=SUCCESS method=WebTablePageTests.UpdateFirstNameOnFirstUser()[pri:0, instance:demoqa.web.tests.elements.WebTablePageTests@3d121db3] output={null}]]]>
              </value>
            </param>
          </params>
          <reporter-output>
          </reporter-output>
        </test-method> <!-- tearDown -->
        <test-method is-config="true" signature="tearDownClass()[pri:0, instance:demoqa.web.tests.elements.WebTablePageTests@3d121db3]" started-at="2025-02-15T00:32:53 EET" name="tearDownClass" finished-at="2025-02-15T00:32:54 EET" duration-ms="1073" status="PASS">
          <reporter-output>
          </reporter-output>
        </test-method> <!-- tearDownClass -->
        <test-method is-config="true" signature="setUp()[pri:0, instance:demoqa.web.tests.elements.WebTablePageTests@3d121db3]" started-at="2025-02-15T00:32:54 EET" name="setUp" finished-at="2025-02-15T00:32:56 EET" duration-ms="2011" status="PASS">
          <reporter-output>
          </reporter-output>
        </test-method> <!-- setUp -->
        <test-method signature="UpdateLastNameOnFirstUser()[pri:0, instance:demoqa.web.tests.elements.WebTablePageTests@3d121db3]" started-at="2025-02-15T00:32:56 EET" name="UpdateLastNameOnFirstUser" finished-at="2025-02-15T00:32:57 EET" duration-ms="911" status="PASS">
          <reporter-output>
          </reporter-output>
        </test-method> <!-- UpdateLastNameOnFirstUser -->
        <test-method is-config="true" signature="tearDown(org.testng.ITestResult)[pri:0, instance:demoqa.web.tests.elements.WebTablePageTests@3d121db3]" started-at="2025-02-15T00:32:57 EET" name="tearDown" finished-at="2025-02-15T00:32:57 EET" duration-ms="0" status="PASS">
          <params>
            <param index="0">
              <value>
                <![CDATA[[TestResult name=UpdateLastNameOnFirstUser status=SUCCESS method=WebTablePageTests.UpdateLastNameOnFirstUser()[pri:0, instance:demoqa.web.tests.elements.WebTablePageTests@3d121db3] output={null}]]]>
              </value>
            </param>
          </params>
          <reporter-output>
          </reporter-output>
        </test-method> <!-- tearDown -->
        <test-method is-config="true" signature="tearDownClass()[pri:0, instance:demoqa.web.tests.elements.WebTablePageTests@3d121db3]" started-at="2025-02-15T00:32:57 EET" name="tearDownClass" finished-at="2025-02-15T00:32:58 EET" duration-ms="1073" status="PASS">
          <reporter-output>
          </reporter-output>
        </test-method> <!-- tearDownClass -->
        <test-method is-config="true" signature="setUp()[pri:0, instance:demoqa.web.tests.elements.WebTablePageTests@3d121db3]" started-at="2025-02-15T00:32:58 EET" name="setUp" finished-at="2025-02-15T00:33:00 EET" duration-ms="1923" status="PASS">
          <reporter-output>
          </reporter-output>
        </test-method> <!-- setUp -->
        <test-method signature="UpdateSalaryOnFirstUser()[pri:0, instance:demoqa.web.tests.elements.WebTablePageTests@3d121db3]" started-at="2025-02-15T00:33:00 EET" name="UpdateSalaryOnFirstUser" finished-at="2025-02-15T00:33:01 EET" duration-ms="1072" status="PASS">
          <reporter-output>
          </reporter-output>
        </test-method> <!-- UpdateSalaryOnFirstUser -->
        <test-method is-config="true" signature="tearDown(org.testng.ITestResult)[pri:0, instance:demoqa.web.tests.elements.WebTablePageTests@3d121db3]" started-at="2025-02-15T00:33:01 EET" name="tearDown" finished-at="2025-02-15T00:33:01 EET" duration-ms="1" status="PASS">
          <params>
            <param index="0">
              <value>
                <![CDATA[[TestResult name=UpdateSalaryOnFirstUser status=SUCCESS method=WebTablePageTests.UpdateSalaryOnFirstUser()[pri:0, instance:demoqa.web.tests.elements.WebTablePageTests@3d121db3] output={null}]]]>
              </value>
            </param>
          </params>
          <reporter-output>
          </reporter-output>
        </test-method> <!-- tearDown -->
        <test-method is-config="true" signature="tearDownClass()[pri:0, instance:demoqa.web.tests.elements.WebTablePageTests@3d121db3]" started-at="2025-02-15T00:33:01 EET" name="tearDownClass" finished-at="2025-02-15T00:33:02 EET" duration-ms="1072" status="PASS">
          <reporter-output>
          </reporter-output>
        </test-method> <!-- tearDownClass -->
        <test-method is-config="true" signature="setUp()[pri:0, instance:demoqa.web.tests.elements.WebTablePageTests@3d121db3]" started-at="2025-02-15T00:33:02 EET" name="setUp" finished-at="2025-02-15T00:33:04 EET" duration-ms="2272" status="PASS">
          <reporter-output>
          </reporter-output>
        </test-method> <!-- setUp -->
        <test-method signature="VerifyAllLabelAndPlaceHoldersOnRegistrationForm()[pri:0, instance:demoqa.web.tests.elements.WebTablePageTests@3d121db3]" started-at="2025-02-15T00:33:04 EET" name="VerifyAllLabelAndPlaceHoldersOnRegistrationForm" finished-at="2025-02-15T00:33:06 EET" duration-ms="1165" status="PASS">
          <reporter-output>
          </reporter-output>
        </test-method> <!-- VerifyAllLabelAndPlaceHoldersOnRegistrationForm -->
        <test-method is-config="true" signature="tearDown(org.testng.ITestResult)[pri:0, instance:demoqa.web.tests.elements.WebTablePageTests@3d121db3]" started-at="2025-02-15T00:33:06 EET" name="tearDown" finished-at="2025-02-15T00:33:06 EET" duration-ms="0" status="PASS">
          <params>
            <param index="0">
              <value>
                <![CDATA[[TestResult name=VerifyAllLabelAndPlaceHoldersOnRegistrationForm status=SUCCESS method=WebTablePageTests.VerifyAllLabelAndPlaceHoldersOnRegistrationForm()[pri:0, instance:demoqa.web.tests.elements.WebTablePageTests@3d121db3] output={null}]]]>
              </value>
            </param>
          </params>
          <reporter-output>
          </reporter-output>
        </test-method> <!-- tearDown -->
        <test-method is-config="true" signature="tearDownClass()[pri:0, instance:demoqa.web.tests.elements.WebTablePageTests@3d121db3]" started-at="2025-02-15T00:33:06 EET" name="tearDownClass" finished-at="2025-02-15T00:33:07 EET" duration-ms="1075" status="PASS">
          <reporter-output>
          </reporter-output>
        </test-method> <!-- tearDownClass -->
        <test-method is-config="true" signature="setUp()[pri:0, instance:demoqa.web.tests.elements.WebTablePageTests@3d121db3]" started-at="2025-02-15T00:33:07 EET" name="setUp" finished-at="2025-02-15T00:33:08 EET" duration-ms="1845" status="PASS">
          <reporter-output>
          </reporter-output>
        </test-method> <!-- setUp -->
        <test-method signature="VerifyAllTextOnPage()[pri:0, instance:demoqa.web.tests.elements.WebTablePageTests@3d121db3]" started-at="2025-02-15T00:33:08 EET" name="VerifyAllTextOnPage" finished-at="2025-02-15T00:33:10 EET" duration-ms="1070" status="PASS">
          <reporter-output>
          </reporter-output>
        </test-method> <!-- VerifyAllTextOnPage -->
        <test-method is-config="true" signature="tearDownClass()[pri:0, instance:demoqa.web.tests.elements.WebTablePageTests@3d121db3]" started-at="2025-02-15T00:33:10 EET" name="tearDownClass" finished-at="2025-02-15T00:33:11 EET" duration-ms="1074" status="PASS">
          <reporter-output>
          </reporter-output>
        </test-method> <!-- tearDownClass -->
        <test-method is-config="true" signature="tearDown(org.testng.ITestResult)[pri:0, instance:demoqa.web.tests.elements.WebTablePageTests@3d121db3]" started-at="2025-02-15T00:33:10 EET" name="tearDown" finished-at="2025-02-15T00:33:10 EET" duration-ms="0" status="PASS">
          <params>
            <param index="0">
              <value>
                <![CDATA[[TestResult name=VerifyAllTextOnPage status=SUCCESS method=WebTablePageTests.VerifyAllTextOnPage()[pri:0, instance:demoqa.web.tests.elements.WebTablePageTests@3d121db3] output={null}]]]>
              </value>
            </param>
          </params>
          <reporter-output>
          </reporter-output>
        </test-method> <!-- tearDown -->
        <test-method is-config="true" signature="setUp()[pri:0, instance:demoqa.web.tests.elements.WebTablePageTests@3d121db3]" started-at="2025-02-15T00:33:11 EET" name="setUp" finished-at="2025-02-15T00:33:12 EET" duration-ms="1780" status="PASS">
          <reporter-output>
          </reporter-output>
        </test-method> <!-- setUp -->
        <test-method signature="VerifyColorsChangeFromRedToGreenAfterAdd()[pri:0, instance:demoqa.web.tests.elements.WebTablePageTests@3d121db3]" started-at="2025-02-15T00:33:12 EET" name="VerifyColorsChangeFromRedToGreenAfterAdd" finished-at="2025-02-15T00:33:13 EET" duration-ms="563" status="FAIL">
          <exception class="java.lang.NullPointerException">
            <message>
              <![CDATA[Cannot invoke "demoqa.pages.elements.WebTablesPage.clickAddButton()" because "this.webTablesPage" is null]]>
            </message>
            <full-stacktrace>
              <![CDATA[java.lang.NullPointerException: Cannot invoke "demoqa.pages.elements.WebTablesPage.clickAddButton()" because "this.webTablesPage" is null
at demoqa.web.tests.elements.WebTablePageTests.VerifyColorsChangeFromRedToGreenAfterAdd(WebTablePageTests.java:435)
at java.base/jdk.internal.reflect.DirectMethodHandleAccessor.invoke(DirectMethodHandleAccessor.java:103)
at java.base/java.lang.reflect.Method.invoke(Method.java:580)
at org.testng.internal.invokers.MethodInvocationHelper.invokeMethod(MethodInvocationHelper.java:141)
at org.testng.internal.invokers.TestInvoker.invokeMethod(TestInvoker.java:686)
at org.testng.internal.invokers.TestInvoker.invokeTestMethod(TestInvoker.java:230)
at org.testng.internal.invokers.MethodRunner.runInSequence(MethodRunner.java:63)
at org.testng.internal.invokers.TestInvoker$MethodInvocationAgent.invoke(TestInvoker.java:992)
at org.testng.internal.invokers.TestInvoker.invokeTestMethods(TestInvoker.java:203)
at org.testng.internal.invokers.TestMethodWorker.invokeTestMethods(TestMethodWorker.java:154)
at org.testng.internal.invokers.TestMethodWorker.run(TestMethodWorker.java:134)
at java.base/java.util.ArrayList.forEach(ArrayList.java:1597)
at org.testng.TestRunner.privateRun(TestRunner.java:739)
at org.testng.TestRunner.run(TestRunner.java:614)
at org.testng.SuiteRunner.runTest(SuiteRunner.java:421)
at org.testng.SuiteRunner.runSequentially(SuiteRunner.java:413)
at org.testng.SuiteRunner.privateRun(SuiteRunner.java:373)
at org.testng.SuiteRunner.run(SuiteRunner.java:312)
at org.testng.SuiteRunnerWorker.runSuite(SuiteRunnerWorker.java:52)
at org.testng.SuiteRunnerWorker.run(SuiteRunnerWorker.java:95)
at org.testng.TestNG.runSuitesSequentially(TestNG.java:1274)
at org.testng.TestNG.runSuitesLocally(TestNG.java:1208)
at org.testng.TestNG.runSuites(TestNG.java:1112)
at org.testng.TestNG.run(TestNG.java:1079)
at org.apache.maven.surefire.testng.TestNGExecutor.run(TestNGExecutor.java:155)
at org.apache.maven.surefire.testng.TestNGDirectoryTestSuite.executeSingleClass(TestNGDirectoryTestSuite.java:102)
at org.apache.maven.surefire.testng.TestNGDirectoryTestSuite.execute(TestNGDirectoryTestSuite.java:91)
at org.apache.maven.surefire.testng.TestNGProvider.invoke(TestNGProvider.java:137)
at org.apache.maven.surefire.booter.ForkedBooter.runSuitesInProcess(ForkedBooter.java:385)
at org.apache.maven.surefire.booter.ForkedBooter.execute(ForkedBooter.java:162)
at org.apache.maven.surefire.booter.ForkedBooter.run(ForkedBooter.java:507)
at org.apache.maven.surefire.booter.ForkedBooter.main(ForkedBooter.java:495)
]]>
            </full-stacktrace>
          </exception> <!-- java.lang.NullPointerException -->
          <reporter-output>
          </reporter-output>
        </test-method> <!-- VerifyColorsChangeFromRedToGreenAfterAdd -->
        <test-method is-config="true" signature="tearDown(org.testng.ITestResult)[pri:0, instance:demoqa.web.tests.elements.WebTablePageTests@3d121db3]" started-at="2025-02-15T00:33:13 EET" name="tearDown" finished-at="2025-02-15T00:33:13 EET" duration-ms="115" status="PASS">
          <params>
            <param index="0">
              <value>
                <![CDATA[[TestResult name=VerifyColorsChangeFromRedToGreenAfterAdd status=FAILURE method=WebTablePageTests.VerifyColorsChangeFromRedToGreenAfterAdd()[pri:0, instance:demoqa.web.tests.elements.WebTablePageTests@3d121db3] output={null}]]]>
              </value>
            </param>
          </params>
          <reporter-output>
          </reporter-output>
        </test-method> <!-- tearDown -->
        <test-method is-config="true" signature="tearDownClass()[pri:0, instance:demoqa.web.tests.elements.WebTablePageTests@3d121db3]" started-at="2025-02-15T00:33:13 EET" name="tearDownClass" finished-at="2025-02-15T00:33:14 EET" duration-ms="1077" status="PASS">
          <reporter-output>
          </reporter-output>
        </test-method> <!-- tearDownClass -->
        <test-method is-config="true" signature="setUp()[pri:0, instance:demoqa.web.tests.elements.WebTablePageTests@3d121db3]" started-at="2025-02-15T00:33:14 EET" name="setUp" finished-at="2025-02-15T00:33:16 EET" duration-ms="2172" status="PASS">
          <reporter-output>
          </reporter-output>
        </test-method> <!-- setUp -->
        <test-method signature="VerifyPreviousAndNextButtonAreNotActiveAfterLoadPage()[pri:0, instance:demoqa.web.tests.elements.WebTablePageTests@3d121db3]" started-at="2025-02-15T00:33:16 EET" name="VerifyPreviousAndNextButtonAreNotActiveAfterLoadPage" finished-at="2025-02-15T00:33:17 EET" duration-ms="631" status="FAIL">
          <exception class="java.lang.NullPointerException">
            <message>
              <![CDATA[Cannot invoke "demoqa.pages.elements.WebTablesPage.checkPreviousButtonIsActive()" because "this.webTablesPage" is null]]>
            </message>
            <full-stacktrace>
              <![CDATA[java.lang.NullPointerException: Cannot invoke "demoqa.pages.elements.WebTablesPage.checkPreviousButtonIsActive()" because "this.webTablesPage" is null
at demoqa.web.tests.elements.WebTablePageTests.VerifyPreviousAndNextButtonAreNotActiveAfterLoadPage(WebTablePageTests.java:334)
at java.base/jdk.internal.reflect.DirectMethodHandleAccessor.invoke(DirectMethodHandleAccessor.java:103)
at java.base/java.lang.reflect.Method.invoke(Method.java:580)
at org.testng.internal.invokers.MethodInvocationHelper.invokeMethod(MethodInvocationHelper.java:141)
at org.testng.internal.invokers.TestInvoker.invokeMethod(TestInvoker.java:686)
at org.testng.internal.invokers.TestInvoker.invokeTestMethod(TestInvoker.java:230)
at org.testng.internal.invokers.MethodRunner.runInSequence(MethodRunner.java:63)
at org.testng.internal.invokers.TestInvoker$MethodInvocationAgent.invoke(TestInvoker.java:992)
at org.testng.internal.invokers.TestInvoker.invokeTestMethods(TestInvoker.java:203)
at org.testng.internal.invokers.TestMethodWorker.invokeTestMethods(TestMethodWorker.java:154)
at org.testng.internal.invokers.TestMethodWorker.run(TestMethodWorker.java:134)
at java.base/java.util.ArrayList.forEach(ArrayList.java:1597)
at org.testng.TestRunner.privateRun(TestRunner.java:739)
at org.testng.TestRunner.run(TestRunner.java:614)
at org.testng.SuiteRunner.runTest(SuiteRunner.java:421)
at org.testng.SuiteRunner.runSequentially(SuiteRunner.java:413)
at org.testng.SuiteRunner.privateRun(SuiteRunner.java:373)
at org.testng.SuiteRunner.run(SuiteRunner.java:312)
at org.testng.SuiteRunnerWorker.runSuite(SuiteRunnerWorker.java:52)
at org.testng.SuiteRunnerWorker.run(SuiteRunnerWorker.java:95)
at org.testng.TestNG.runSuitesSequentially(TestNG.java:1274)
at org.testng.TestNG.runSuitesLocally(TestNG.java:1208)
at org.testng.TestNG.runSuites(TestNG.java:1112)
at org.testng.TestNG.run(TestNG.java:1079)
at org.apache.maven.surefire.testng.TestNGExecutor.run(TestNGExecutor.java:155)
at org.apache.maven.surefire.testng.TestNGDirectoryTestSuite.executeSingleClass(TestNGDirectoryTestSuite.java:102)
at org.apache.maven.surefire.testng.TestNGDirectoryTestSuite.execute(TestNGDirectoryTestSuite.java:91)
at org.apache.maven.surefire.testng.TestNGProvider.invoke(TestNGProvider.java:137)
at org.apache.maven.surefire.booter.ForkedBooter.runSuitesInProcess(ForkedBooter.java:385)
at org.apache.maven.surefire.booter.ForkedBooter.execute(ForkedBooter.java:162)
at org.apache.maven.surefire.booter.ForkedBooter.run(ForkedBooter.java:507)
at org.apache.maven.surefire.booter.ForkedBooter.main(ForkedBooter.java:495)
]]>
            </full-stacktrace>
          </exception> <!-- java.lang.NullPointerException -->
          <reporter-output>
          </reporter-output>
        </test-method> <!-- VerifyPreviousAndNextButtonAreNotActiveAfterLoadPage -->
        <test-method is-config="true" signature="tearDown(org.testng.ITestResult)[pri:0, instance:demoqa.web.tests.elements.WebTablePageTests@3d121db3]" started-at="2025-02-15T00:33:17 EET" name="tearDown" finished-at="2025-02-15T00:33:17 EET" duration-ms="109" status="PASS">
          <params>
            <param index="0">
              <value>
                <![CDATA[[TestResult name=VerifyPreviousAndNextButtonAreNotActiveAfterLoadPage status=FAILURE method=WebTablePageTests.VerifyPreviousAndNextButtonAreNotActiveAfterLoadPage()[pri:0, instance:demoqa.web.tests.elements.WebTablePageTests@3d121db3] output={null}]]]>
              </value>
            </param>
          </params>
          <reporter-output>
          </reporter-output>
        </test-method> <!-- tearDown -->
        <test-method is-config="true" signature="tearDownClass()[pri:0, instance:demoqa.web.tests.elements.WebTablePageTests@3d121db3]" started-at="2025-02-15T00:33:17 EET" name="tearDownClass" finished-at="2025-02-15T00:33:18 EET" duration-ms="1074" status="PASS">
          <reporter-output>
          </reporter-output>
        </test-method> <!-- tearDownClass -->
        <test-method is-config="true" signature="setUp()[pri:0, instance:demoqa.web.tests.elements.WebTablePageTests@3d121db3]" started-at="2025-02-15T00:33:18 EET" name="setUp" finished-at="2025-02-15T00:33:21 EET" duration-ms="2583" status="PASS">
          <reporter-output>
          </reporter-output>
        </test-method> <!-- setUp -->
        <test-method signature="VerifyPreviousAndNextButtonsActive()[pri:0, instance:demoqa.web.tests.elements.WebTablePageTests@3d121db3]" started-at="2025-02-15T00:33:21 EET" name="VerifyPreviousAndNextButtonsActive" finished-at="2025-02-15T00:33:21 EET" duration-ms="608" status="FAIL">
          <exception class="java.lang.NullPointerException">
            <message>
              <![CDATA[Cannot invoke "demoqa.pages.elements.WebTablesPage.checkNextButtonIsActive()" because "this.webTablesPage" is null]]>
            </message>
            <full-stacktrace>
              <![CDATA[java.lang.NullPointerException: Cannot invoke "demoqa.pages.elements.WebTablesPage.checkNextButtonIsActive()" because "this.webTablesPage" is null
at demoqa.web.tests.elements.WebTablePageTests.VerifyPreviousAndNextButtonsActive(WebTablePageTests.java:296)
at java.base/jdk.internal.reflect.DirectMethodHandleAccessor.invoke(DirectMethodHandleAccessor.java:103)
at java.base/java.lang.reflect.Method.invoke(Method.java:580)
at org.testng.internal.invokers.MethodInvocationHelper.invokeMethod(MethodInvocationHelper.java:141)
at org.testng.internal.invokers.TestInvoker.invokeMethod(TestInvoker.java:686)
at org.testng.internal.invokers.TestInvoker.invokeTestMethod(TestInvoker.java:230)
at org.testng.internal.invokers.MethodRunner.runInSequence(MethodRunner.java:63)
at org.testng.internal.invokers.TestInvoker$MethodInvocationAgent.invoke(TestInvoker.java:992)
at org.testng.internal.invokers.TestInvoker.invokeTestMethods(TestInvoker.java:203)
at org.testng.internal.invokers.TestMethodWorker.invokeTestMethods(TestMethodWorker.java:154)
at org.testng.internal.invokers.TestMethodWorker.run(TestMethodWorker.java:134)
at java.base/java.util.ArrayList.forEach(ArrayList.java:1597)
at org.testng.TestRunner.privateRun(TestRunner.java:739)
at org.testng.TestRunner.run(TestRunner.java:614)
at org.testng.SuiteRunner.runTest(SuiteRunner.java:421)
at org.testng.SuiteRunner.runSequentially(SuiteRunner.java:413)
at org.testng.SuiteRunner.privateRun(SuiteRunner.java:373)
at org.testng.SuiteRunner.run(SuiteRunner.java:312)
at org.testng.SuiteRunnerWorker.runSuite(SuiteRunnerWorker.java:52)
at org.testng.SuiteRunnerWorker.run(SuiteRunnerWorker.java:95)
at org.testng.TestNG.runSuitesSequentially(TestNG.java:1274)
at org.testng.TestNG.runSuitesLocally(TestNG.java:1208)
at org.testng.TestNG.runSuites(TestNG.java:1112)
at org.testng.TestNG.run(TestNG.java:1079)
at org.apache.maven.surefire.testng.TestNGExecutor.run(TestNGExecutor.java:155)
at org.apache.maven.surefire.testng.TestNGDirectoryTestSuite.executeSingleClass(TestNGDirectoryTestSuite.java:102)
at org.apache.maven.surefire.testng.TestNGDirectoryTestSuite.execute(TestNGDirectoryTestSuite.java:91)
at org.apache.maven.surefire.testng.TestNGProvider.invoke(TestNGProvider.java:137)
at org.apache.maven.surefire.booter.ForkedBooter.runSuitesInProcess(ForkedBooter.java:385)
at org.apache.maven.surefire.booter.ForkedBooter.execute(ForkedBooter.java:162)
at org.apache.maven.surefire.booter.ForkedBooter.run(ForkedBooter.java:507)
at org.apache.maven.surefire.booter.ForkedBooter.main(ForkedBooter.java:495)
]]>
            </full-stacktrace>
          </exception> <!-- java.lang.NullPointerException -->
          <reporter-output>
          </reporter-output>
        </test-method> <!-- VerifyPreviousAndNextButtonsActive -->
        <test-method is-config="true" signature="tearDown(org.testng.ITestResult)[pri:0, instance:demoqa.web.tests.elements.WebTablePageTests@3d121db3]" started-at="2025-02-15T00:33:21 EET" name="tearDown" finished-at="2025-02-15T00:33:21 EET" duration-ms="119" status="PASS">
          <params>
            <param index="0">
              <value>
                <![CDATA[[TestResult name=VerifyPreviousAndNextButtonsActive status=FAILURE method=WebTablePageTests.VerifyPreviousAndNextButtonsActive()[pri:0, instance:demoqa.web.tests.elements.WebTablePageTests@3d121db3] output={null}]]]>
              </value>
            </param>
          </params>
          <reporter-output>
          </reporter-output>
        </test-method> <!-- tearDown -->
        <test-method is-config="true" signature="tearDownClass()[pri:0, instance:demoqa.web.tests.elements.WebTablePageTests@3d121db3]" started-at="2025-02-15T00:33:21 EET" name="tearDownClass" finished-at="2025-02-15T00:33:23 EET" duration-ms="1074" status="PASS">
          <reporter-output>
          </reporter-output>
        </test-method> <!-- tearDownClass -->
      </class> <!-- demoqa.web.tests.elements.WebTablePageTests -->
    </test> <!-- Surefire test -->
  </suite> <!-- Surefire suite -->
</testng-results>
