<?xml version="1.0" encoding="UTF-8"?>
<testng-results ignored="0" total="1" passed="1" failed="0" skipped="0">
  <reporter-output>
  </reporter-output>
  <suite started-at="2025-02-13T22:43:27 EET" name="Surefire suite" finished-at="2025-02-13T22:43:32 EET" duration-ms="4267">
    <groups>
    </groups>
    <test started-at="2025-02-13T22:43:27 EET" name="Surefire test" finished-at="2025-02-13T22:43:32 EET" duration-ms="4267">
      <class name="demoqa.web.tests.interactions.ResizablePageTests">
        <test-method is-config="true" signature="setUp()[pri:0, instance:demoqa.web.tests.interactions.ResizablePageTests@4445629]" started-at="2025-02-13T22:43:27 EET" name="setUp" finished-at="2025-02-13T22:43:30 EET" duration-ms="2178" status="PASS">
          <reporter-output>
          </reporter-output>
        </test-method> <!-- setUp -->
        <test-method signature="ТestResizedBoxWithLimitation(int,int,int,int)[pri:0, instance:demoqa.web.tests.interactions.ResizablePageTests@4445629]" started-at="2025-02-13T22:43:30 EET" name="ТestResizedBoxWithLimitation" description="Test resizing with different values" data-provider="resizeData" finished-at="2025-02-13T22:43:31 EET" duration-ms="976" status="PASS">
          <params>
            <param index="0">
              <value>
                <![CDATA[301]]>
              </value>
            </param>
            <param index="1">
              <value>
                <![CDATA[301]]>
              </value>
            </param>
            <param index="2">
              <value>
                <![CDATA[500]]>
              </value>
            </param>
            <param index="3">
              <value>
                <![CDATA[300]]>
              </value>
            </param>
          </params>
          <reporter-output>
          </reporter-output>
        </test-method> <!-- ТestResizedBoxWithLimitation -->
        <test-method is-config="true" signature="takeFailedResultScreenshot(org.testng.ITestResult)[pri:0, instance:demoqa.web.tests.interactions.ResizablePageTests@4445629]" started-at="2025-02-13T22:43:31 EET" name="takeFailedResultScreenshot" finished-at="2025-02-13T22:43:31 EET" duration-ms="1" status="PASS">
          <params>
            <param index="0">
              <value>
                <![CDATA[[TestResult name=ТestResizedBoxWithLimitation status=SUCCESS method=ResizablePageTests.ТestResizedBoxWithLimitation(int,int,int,int)[pri:0, instance:demoqa.web.tests.interactions.ResizablePageTests@4445629] output={null}]]]>
              </value>
            </param>
          </params>
          <reporter-output>
          </reporter-output>
        </test-method> <!-- takeFailedResultScreenshot -->
        <test-method is-config="true" signature="tearDown()[pri:0, instance:demoqa.web.tests.interactions.ResizablePageTests@4445629]" started-at="2025-02-13T22:43:31 EET" name="tearDown" finished-at="2025-02-13T22:43:32 EET" duration-ms="1081" status="PASS">
          <reporter-output>
          </reporter-output>
        </test-method> <!-- tearDown -->
      </class> <!-- demoqa.web.tests.interactions.ResizablePageTests -->
    </test> <!-- Surefire test -->
  </suite> <!-- Surefire suite -->
</testng-results>
